2023-08-30 07:53:11 INFO  Util:14 - SUCCESS : Scores Screen is currently selected
2023-08-30 07:53:11 INFO  Util:9 - SUCCESS : Leagues screen is not selected
2023-08-30 07:53:13 INFO  Util:14 - SUCCESS : Leagues screen is displayed
2023-08-30 07:53:19 INFO  Util:14 - SUCCESS : News tab is Displayed for league NHL
2023-08-30 07:53:19 INFO  Util:14 - SUCCESS : News tab is Displayed
2023-08-30 07:53:20 INFO  Util:14 - SUCCESS : Chat tab is Displayed
2023-08-30 07:53:20 INFO  Util:14 - SUCCESS : Leaders tab is Displayed
2023-08-30 07:53:21 INFO  Util:14 - SUCCESS : Empty container is displayed
2023-08-30 07:53:23 INFO  Util:14 - SUCCESS : Leagues screen is displayed
2023-08-30 07:53:27 INFO  Util:14 - SUCCESS : News tab is Displayed for league MLB
2023-08-30 07:53:28 INFO  Util:14 - SUCCESS : News tab is Displayed
2023-08-30 07:53:28 INFO  Util:14 - SUCCESS : Chat tab is Displayed
2023-08-30 07:53:29 INFO  Util:14 - SUCCESS : Leaders tab is Displayed
2023-08-30 07:53:33 INFO  Util:14 - SUCCESS : AL Leaders sub-section is displayed
2023-08-30 07:53:34 INFO  Util:14 - SUCCESS : NL Leaders sub-section is displayed
2023-08-30 07:53:34 INFO  Util:14 - SUCCESS : MLB Leaders sub-section is displayed
2023-08-30 07:53:36 INFO  Util:14 - SUCCESS : Leagues screen is displayed
2023-08-30 07:53:39 INFO  Util:14 - SUCCESS : News tab is Displayed for league NFL
2023-08-30 07:53:39 INFO  Util:14 - SUCCESS : News tab is Displayed
2023-08-30 07:53:41 INFO  Util:14 - SUCCESS : Chat tab is Displayed
2023-08-30 07:53:42 INFO  Util:14 - SUCCESS : Leaders tab is Displayed
2023-08-30 07:53:45 INFO  Util:14 - SUCCESS : Empty container is displayed
2023-08-30 07:53:47 INFO  Util:14 - SUCCESS : Leagues screen is displayed
2023-08-30 07:53:50 INFO  Util:14 - SUCCESS : News tab is Displayed for league NCAA Football
2023-08-30 07:53:52 INFO  Util:14 - SUCCESS : News tab is Displayed
2023-08-30 07:53:54 INFO  Util:14 - SUCCESS : Chat tab is Displayed
2023-08-30 07:53:54 INFO  Util:14 - SUCCESS : Leaders tab is Displayed
2023-08-30 07:53:58 INFO  Util:14 - SUCCESS : Passing Yards and Passing Touchdown sections are displayed
2023-08-30 07:53:59 INFO  Util:14 - SUCCESS : Leagues screen is displayed
